#
# There is insufficient memory for the Java Runtime Environment to continue.
# Native memory allocation (malloc) failed to allocate 1448496 bytes for Chunk::new
# Possible reasons:
#   The system is out of physical RAM or swap space
#   In 32 bit mode, the process size limit was hit
# Possible solutions:
#   Reduce memory load on the system
#   Increase physical memory or swap space
#   Check if swap backing store is full
#   Use 64 bit Java on a 64 bit OS
#   Decrease Java heap size (-Xmx/-Xms)
#   Decrease number of Java threads
#   Decrease Java thread stack sizes (-Xss)
#   Set larger code cache with -XX:ReservedCodeCacheSize=
# This output file may be truncated or incomplete.
#
#  Out of Memory Error (allocation.cpp:390), pid=8616, tid=0x0000000000007ae8
#
# JRE version: Java(TM) SE Runtime Environment (8.0_112-b15) (build 1.8.0_112-b15)
# Java VM: Java HotSpot(TM) 64-Bit Server VM (25.112-b15 mixed mode windows-amd64 compressed oops)
# Failed to write core dump. Minidumps are not enabled by default on client versions of Windows
#

---------------  T H R E A D  ---------------

Current thread (0x0000023ad4efb800):  JavaThread "C2 CompilerThread0" daemon [_thread_in_native, id=31464, stack(0x000000d9ca200000,0x000000d9ca300000)]

Stack: [0x000000d9ca200000,0x000000d9ca300000]
[error occurred during error reporting (printing stack bounds), id 0xc0000005]

Native frames: (J=compiled Java code, j=interpreted, Vv=VM code, C=native code)


Current CompileTask:
C2:3698387 17299       4       com.jidesoft.plaf.basic.BasicCellSpanTableUIDelegate::b (1018 bytes)


---------------  P R O C E S S  ---------------

Java Threads: ( => current thread )
  0x0000023adc7b1000 JavaThread "Thread-593" [_thread_in_native, id=6816, stack(0x000000d9c6c00000,0x000000d9c6d00000)]
  0x0000023adc7a7000 JavaThread "Thread-551" [_thread_in_native, id=11928, stack(0x000000d9cde00000,0x000000d9cdf00000)]
  0x0000023adf071800 JavaThread "Thread-484" [_thread_in_native, id=28508, stack(0x000000d9c6c00000,0x000000d9c6d00000)]
  0x0000023adf073000 JavaThread "Thread-407" [_thread_in_native, id=45084, stack(0x000000d9c6b00000,0x000000d9c6c00000)]
  0x0000023adf074800 JavaThread "Thread-406" [_thread_in_native, id=12788, stack(0x000000d9c6a00000,0x000000d9c6b00000)]
  0x0000023adf076000 JavaThread "Thread-343" [_thread_in_native, id=12424, stack(0x000000d9c6c00000,0x000000d9c6d00000)]
  0x0000023adf078800 JavaThread "Thread-299" [_thread_in_native, id=12172, stack(0x000000d9cde00000,0x000000d9cdf00000)]
  0x0000023adf077800 JavaThread "Thread-264" [_thread_in_native, id=18456, stack(0x000000d9c6b00000,0x000000d9c6c00000)]
  0x0000023adc7b6800 JavaThread "Thread-263" [_thread_in_native, id=17564, stack(0x000000d9c6a00000,0x000000d9c6b00000)]
  0x0000023adc7ae000 JavaThread "Thread-215" [_thread_in_native, id=46868, stack(0x000000d9c6a00000,0x000000d9c6b00000)]
  0x0000023adc7b5800 JavaThread "Thread-214" [_thread_in_native, id=28972, stack(0x000000d9c6b00000,0x000000d9c6c00000)]
  0x0000023adc7b2800 JavaThread "Thread-79" [_thread_in_native, id=39868, stack(0x000000d9c6c00000,0x000000d9c6d00000)]
  0x0000023adc7a9800 JavaThread "Thread-45" [_thread_in_native, id=14344, stack(0x000000d9c6b00000,0x000000d9c6c00000)]
  0x0000023adc7ac800 JavaThread "Thread-44" [_thread_in_native, id=15240, stack(0x000000d9c6a00000,0x000000d9c6b00000)]
  0x0000023adc7a8000 JavaThread "Image Animator 3" daemon [_thread_blocked, id=49656, stack(0x000000d9d0100000,0x000000d9d0600000)]
  0x0000023adc7a8800 JavaThread "SyntheticaAnimation 50" daemon [_thread_blocked, id=29524, stack(0x000000d9cfc00000,0x000000d9d0100000)]
  0x0000023adc7af000 JavaThread "Thread-23" [_thread_in_native, id=5072, stack(0x000000d9cec00000,0x000000d9ced00000)]
  0x0000023adc7aa000 JavaThread "Thread-22" [_thread_in_native, id=48976, stack(0x000000d9ceb00000,0x000000d9cec00000)]
  0x0000023ad96ed800 JavaThread "hw_ila_monitor" [_thread_blocked, id=34936, stack(0x000000d9ce600000,0x000000d9ceb00000)]
  0x0000023ad96ef800 JavaThread "Update Runs Swing Worker" [_thread_blocked, id=47904, stack(0x000000d9cd400000,0x000000d9cd900000)]
  0x0000023ad96ec800 JavaThread "Refresh Filesets Swing Worker" [_thread_blocked, id=39300, stack(0x000000d9cc000000,0x000000d9cc500000)]
  0x0000023ad96f2800 JavaThread "SyntheticaAnimation 70" daemon [_thread_blocked, id=17832, stack(0x000000d9cf700000,0x000000d9cfc00000)]
  0x0000023ad96f2000 JavaThread "SyntheticaAnimation 25" daemon [_thread_blocked, id=48424, stack(0x000000d9ced00000,0x000000d9cf200000)]
  0x0000023ad96f1000 JavaThread "SyntheticaAnimation 50" daemon [_thread_blocked, id=31720, stack(0x000000d9ce100000,0x000000d9ce600000)]
  0x0000023ad96ef000 JavaThread "SyntheticaCleanerThread" daemon [_thread_blocked, id=29228, stack(0x000000d9cd900000,0x000000d9cde00000)]
  0x0000023ad92d5800 JavaThread "Batik CleanerThread" daemon [_thread_blocked, id=49928, stack(0x000000d9cca00000,0x000000d9ccf00000)]
  0x0000023ad8fbc800 JavaThread "Process Messages" [_thread_blocked, id=34304, stack(0x000000d9ccf00000,0x000000d9cd400000)]
  0x0000023ad76e8800 JavaThread "Thread-3" [_thread_in_native, id=30972, stack(0x000000d9c6d00000,0x000000d9c8100000)]
  0x0000023ad931c800 JavaThread "AWT-EventQueue-0" [_thread_in_native, id=16816, stack(0x000000d9cc500000,0x000000d9cca00000)]
  0x0000023ad74c7800 JavaThread "AWT-Windows" daemon [_thread_in_native, id=18188, stack(0x000000d9cbb00000,0x000000d9cc000000)]
  0x0000023ad74d6000 JavaThread "AWT-Shutdown" [_thread_blocked, id=29920, stack(0x000000d9cb600000,0x000000d9cbb00000)]
  0x0000023ad74d5800 JavaThread "Java2D Disposer" daemon [_thread_blocked, id=49028, stack(0x000000d9cb100000,0x000000d9cb600000)]
  0x0000023ad751c800 JavaThread "TimerQueue" daemon [_thread_blocked, id=21384, stack(0x000000d9cac00000,0x000000d9cb100000)]
  0x0000023ad4f10800 JavaThread "Service Thread" daemon [_thread_blocked, id=5116, stack(0x000000d9ca600000,0x000000d9cab00000)]
  0x0000023ad4f03800 JavaThread "C1 CompilerThread3" daemon [_thread_blocked, id=33544, stack(0x000000d9ca500000,0x000000d9ca600000)]
  0x0000023ad4f00800 JavaThread "C2 CompilerThread2" daemon [_thread_blocked, id=44784, stack(0x000000d9ca400000,0x000000d9ca500000)]
  0x0000023ad4efc800 JavaThread "C2 CompilerThread1" daemon [_thread_blocked, id=26056, stack(0x000000d9ca300000,0x000000d9ca400000)]
=>0x0000023ad4efb800 JavaThread "C2 CompilerThread0" daemon [_thread_in_native, id=31464, stack(0x000000d9ca200000,0x000000d9ca300000)]
  0x0000023ad4ef6000 JavaThread "Attach Listener" daemon [_thread_blocked, id=30512, stack(0x000000d9c9d00000,0x000000d9ca200000)]
  0x0000023ad4ef5000 JavaThread "Signal Dispatcher" daemon [_thread_blocked, id=13528, stack(0x000000d9c9800000,0x000000d9c9d00000)]
  0x0000023ad4edc800 JavaThread "Finalizer" daemon [_thread_blocked, id=816, stack(0x000000d9c9300000,0x000000d9c9800000)]
  0x0000023ad4eb6000 JavaThread "Reference Handler" daemon [_thread_blocked, id=47644, stack(0x000000d9c8e00000,0x000000d9c9300000)]
  0x0000023abdca3800 JavaThread "main" [_thread_blocked, id=2104, stack(0x000000d9c8400000,0x000000d9c8500000)]

Other Threads:
  0x0000023abdd9e000 VMThread [stack: 0x000000d9c8d00000,0x000000d9c8e00000] [id=18796]
  0x0000023ad6c28800 WatcherThread [stack: 0x000000d9cab00000,0x000000d9cac00000] [id=50932]

VM state:not at safepoint (normal execution)

VM Mutex/Monitor currently owned by a thread: None

Heap:
 PSYoungGen      total 59392K, used 14688K [0x00000007bc400000, 0x00000007c0000000, 0x00000007c0000000)
  eden space 57344K, 23% used [0x00000007bc400000,0x00000007bd0f80c8,0x00000007bfc00000)
  from space 2048K, 68% used [0x00000007bfc00000,0x00000007bfd60000,0x00000007bfe00000)
  to   space 2048K, 0% used [0x00000007bfe00000,0x00000007bfe00000,0x00000007c0000000)
 ParOldGen       total 153600K, used 46593K [0x0000000700000000, 0x0000000709600000, 0x00000007bc400000)
  object space 153600K, 30% used [0x0000000700000000,0x0000000702d80600,0x0000000709600000)
 Metaspace       used 64518K, capacity 65081K, committed 65664K, reserved 1105920K
  class space    used 8561K, capacity 8711K, committed 8832K, reserved 1048576K

Card table byte_map: [0x0000023acd160000,0x0000023acd770000] byte_map_base: 0x0000023ac9960000

Marking Bits: (ParMarkBitMap*) 0x000000006650a6d0
 Begin Bits: [0x0000023acdd60000, 0x0000023ad0d60000)
 End Bits:   [0x0000023ad0d60000, 0x0000023ad3d60000)

Polling page: 0x0000023ab4b10000

CodeCache: size=245760Kb used=51799Kb max_used=51849Kb free=193960Kb
 bounds [0x0000023abdda0000, 0x0000023ac10b0000, 0x0000023accda0000]
 total_blobs=13990 nmethods=13122 adapters=774
 compilation: enabled

Compilation events (10 events):
Event: 3597.875 Thread 0x0000023ad4efb800 nmethod 17293 0x0000023ac0b5e5d0 code [0x0000023ac0b5e760, 0x0000023ac0b5ebf0]
Event: 3668.172 Thread 0x0000023ad4f00800 17295       4       javax.swing.table.DefaultTableColumnModel::getColumnIndexAtX (43 bytes)
Event: 3668.179 Thread 0x0000023ad4f00800 nmethod 17295 0x0000023abfee8210 code [0x0000023abfee8360, 0x0000023abfee8878]
Event: 3677.665 Thread 0x0000023ad4efc800 17296       4       ui.frmwork.aL::a (42 bytes)
Event: 3677.692 Thread 0x0000023ad4efc800 nmethod 17296 0x0000023ac009f190 code [0x0000023ac009f340, 0x0000023ac009f930]
Event: 3694.951 Thread 0x0000023ad4f03800 17297       3       java.util.concurrent.locks.AbstractQueuedSynchronizer::addWaiter (50 bytes)
Event: 3694.953 Thread 0x0000023ad4f03800 nmethod 17297 0x0000023abefe5c10 code [0x0000023abefe5da0, 0x0000023abefe6230]
Event: 3694.966 Thread 0x0000023ad4f03800 17298       3       java.util.concurrent.locks.AbstractQueuedSynchronizer$Node::<init> (15 bytes)
Event: 3694.967 Thread 0x0000023ad4f03800 nmethod 17298 0x0000023abf3f6050 code [0x0000023abf3f61a0, 0x0000023abf3f6398]
Event: 3698.208 Thread 0x0000023ad4efb800 17299       4       com.jidesoft.plaf.basic.BasicCellSpanTableUIDelegate::b (1018 bytes)

GC Heap History (10 events):
Event: 3538.676 GC heap before
{Heap before GC invocations=152 (full 5):
 PSYoungGen      total 59392K, used 58592K [0x00000007bc400000, 0x00000007c0000000, 0x00000007c0000000)
  eden space 57344K, 100% used [0x00000007bc400000,0x00000007bfc00000,0x00000007bfc00000)
  from space 2048K, 60% used [0x00000007bfe00000,0x00000007bff38000,0x00000007c0000000)
  to   space 2048K, 0% used [0x00000007bfc00000,0x00000007bfc00000,0x00000007bfe00000)
 ParOldGen       total 153600K, used 46239K [0x0000000700000000, 0x0000000709600000, 0x00000007bc400000)
  object space 153600K, 30% used [0x0000000700000000,0x0000000702d27cf0,0x0000000709600000)
 Metaspace       used 64495K, capacity 65017K, committed 65664K, reserved 1105920K
  class space    used 8560K, capacity 8711K, committed 8832K, reserved 1048576K
Event: 3538.682 GC heap after
Heap after GC invocations=152 (full 5):
 PSYoungGen      total 59392K, used 1216K [0x00000007bc400000, 0x00000007c0000000, 0x00000007c0000000)
  eden space 57344K, 0% used [0x00000007bc400000,0x00000007bc400000,0x00000007bfc00000)
  from space 2048K, 59% used [0x00000007bfc00000,0x00000007bfd30000,0x00000007bfe00000)
  to   space 2048K, 0% used [0x00000007bfe00000,0x00000007bfe00000,0x00000007c0000000)
 ParOldGen       total 153600K, used 46295K [0x0000000700000000, 0x0000000709600000, 0x00000007bc400000)
  object space 153600K, 30% used [0x0000000700000000,0x0000000702d35cf0,0x0000000709600000)
 Metaspace       used 64495K, capacity 65017K, committed 65664K, reserved 1105920K
  class space    used 8560K, capacity 8711K, committed 8832K, reserved 1048576K
}
Event: 3546.567 GC heap before
{Heap before GC invocations=153 (full 5):
 PSYoungGen      total 59392K, used 58560K [0x00000007bc400000, 0x00000007c0000000, 0x00000007c0000000)
  eden space 57344K, 100% used [0x00000007bc400000,0x00000007bfc00000,0x00000007bfc00000)
  from space 2048K, 59% used [0x00000007bfc00000,0x00000007bfd30000,0x00000007bfe00000)
  to   space 2048K, 0% used [0x00000007bfe00000,0x00000007bfe00000,0x00000007c0000000)
 ParOldGen       total 153600K, used 46295K [0x0000000700000000, 0x0000000709600000, 0x00000007bc400000)
  object space 153600K, 30% used [0x0000000700000000,0x0000000702d35cf0,0x0000000709600000)
 Metaspace       used 64497K, capacity 65017K, committed 65664K, reserved 1105920K
  class space    used 8560K, capacity 8711K, committed 8832K, reserved 1048576K
Event: 3546.574 GC heap after
Heap after GC invocations=153 (full 5):
 PSYoungGen      total 59392K, used 1088K [0x00000007bc400000, 0x00000007c0000000, 0x00000007c0000000)
  eden space 57344K, 0% used [0x00000007bc400000,0x00000007bc400000,0x00000007bfc00000)
  from space 2048K, 53% used [0x00000007bfe00000,0x00000007bff10000,0x00000007c0000000)
  to   space 2048K, 0% used [0x00000007bfc00000,0x00000007bfc00000,0x00000007bfe00000)
 ParOldGen       total 153600K, used 46343K [0x0000000700000000, 0x0000000709600000, 0x00000007bc400000)
  object space 153600K, 30% used [0x0000000700000000,0x0000000702d41cf0,0x0000000709600000)
 Metaspace       used 64497K, capacity 65017K, committed 65664K, reserved 1105920K
  class space    used 8560K, capacity 8711K, committed 8832K, reserved 1048576K
}
Event: 3551.775 GC heap before
{Heap before GC invocations=154 (full 5):
 PSYoungGen      total 59392K, used 58432K [0x00000007bc400000, 0x00000007c0000000, 0x00000007c0000000)
  eden space 57344K, 100% used [0x00000007bc400000,0x00000007bfc00000,0x00000007bfc00000)
  from space 2048K, 53% used [0x00000007bfe00000,0x00000007bff10000,0x00000007c0000000)
  to   space 2048K, 0% used [0x00000007bfc00000,0x00000007bfc00000,0x00000007bfe00000)
 ParOldGen       total 153600K, used 46343K [0x0000000700000000, 0x0000000709600000, 0x00000007bc400000)
  object space 153600K, 30% used [0x0000000700000000,0x0000000702d41cf0,0x0000000709600000)
 Metaspace       used 64511K, capacity 65017K, committed 65664K, reserved 1105920K
  class space    used 8561K, capacity 8711K, committed 8832K, reserved 1048576K
Event: 3551.783 GC heap after
Heap after GC invocations=154 (full 5):
 PSYoungGen      total 59392K, used 1184K [0x00000007bc400000, 0x00000007c0000000, 0x00000007c0000000)
  eden space 57344K, 0% used [0x00000007bc400000,0x00000007bc400000,0x00000007bfc00000)
  from space 2048K, 57% used [0x00000007bfc00000,0x00000007bfd28000,0x00000007bfe00000)
  to   space 2048K, 0% used [0x00000007bfe00000,0x00000007bfe00000,0x00000007c0000000)
 ParOldGen       total 153600K, used 46383K [0x0000000700000000, 0x0000000709600000, 0x00000007bc400000)
  object space 153600K, 30% used [0x0000000700000000,0x0000000702d4bcf0,0x0000000709600000)
 Metaspace       used 64511K, capacity 65017K, committed 65664K, reserved 1105920K
  class space    used 8561K, capacity 8711K, committed 8832K, reserved 1048576K
}
Event: 3556.627 GC heap before
{Heap before GC invocations=155 (full 5):
 PSYoungGen      total 59392K, used 58528K [0x00000007bc400000, 0x00000007c0000000, 0x00000007c0000000)
  eden space 57344K, 100% used [0x00000007bc400000,0x00000007bfc00000,0x00000007bfc00000)
  from space 2048K, 57% used [0x00000007bfc00000,0x00000007bfd28000,0x00000007bfe00000)
  to   space 2048K, 0% used [0x00000007bfe00000,0x00000007bfe00000,0x00000007c0000000)
 ParOldGen       total 153600K, used 46383K [0x0000000700000000, 0x0000000709600000, 0x00000007bc400000)
  object space 153600K, 30% used [0x0000000700000000,0x0000000702d4bcf0,0x0000000709600000)
 Metaspace       used 64517K, capacity 65081K, committed 65664K, reserved 1105920K
  class space    used 8561K, capacity 8711K, committed 8832K, reserved 1048576K
Event: 3556.633 GC heap after
Heap after GC invocations=155 (full 5):
 PSYoungGen      total 59392K, used 1120K [0x00000007bc400000, 0x00000007c0000000, 0x00000007c0000000)
  eden space 57344K, 0% used [0x00000007bc400000,0x00000007bc400000,0x00000007bfc00000)
  from space 2048K, 54% used [0x00000007bfe00000,0x00000007bff18000,0x00000007c0000000)
  to   space 2048K, 0% used [0x00000007bfc00000,0x00000007bfc00000,0x00000007bfe00000)
 ParOldGen       total 153600K, used 46449K [0x0000000700000000, 0x0000000709600000, 0x00000007bc400000)
  object space 153600K, 30% used [0x0000000700000000,0x0000000702d5c600,0x0000000709600000)
 Metaspace       used 64517K, capacity 65081K, committed 65664K, reserved 1105920K
  class space    used 8561K, capacity 8711K, committed 8832K, reserved 1048576K
}
Event: 3665.771 GC heap before
{Heap before GC invocations=156 (full 5):
 PSYoungGen      total 59392K, used 58464K [0x00000007bc400000, 0x00000007c0000000, 0x00000007c0000000)
  eden space 57344K, 100% used [0x00000007bc400000,0x00000007bfc00000,0x00000007bfc00000)
  from space 2048K, 54% used [0x00000007bfe00000,0x00000007bff18000,0x00000007c0000000)
  to   space 2048K, 0% used [0x00000007bfc00000,0x00000007bfc00000,0x00000007bfe00000)
 ParOldGen       total 153600K, used 46449K [0x0000000700000000, 0x0000000709600000, 0x00000007bc400000)
  object space 153600K, 30% used [0x0000000700000000,0x0000000702d5c600,0x0000000709600000)
 Metaspace       used 64517K, capacity 65081K, committed 65664K, reserved 1105920K
  class space    used 8561K, capacity 8711K, committed 8832K, reserved 1048576K
Event: 3665.790 GC heap after
Heap after GC invocations=156 (full 5):
 PSYoungGen      total 59392K, used 1408K [0x00000007bc400000, 0x00000007c0000000, 0x00000007c0000000)
  eden space 57344K, 0% used [0x00000007bc400000,0x00000007bc400000,0x00000007bfc00000)
  from space 2048K, 68% used [0x00000007bfc00000,0x00000007bfd60000,0x00000007bfe00000)
  to   space 2048K, 0% used [0x00000007bfe00000,0x00000007bfe00000,0x00000007c0000000)
 ParOldGen       total 153600K, used 46593K [0x0000000700000000, 0x0000000709600000, 0x00000007bc400000)
  object space 153600K, 30% used [0x0000000700000000,0x0000000702d80600,0x0000000709600000)
 Metaspace       used 64517K, capacity 65081K, committed 65664K, reserved 1105920K
  class space    used 8561K, capacity 8711K, committed 8832K, reserved 1048576K
}

Deoptimization events (10 events):
Event: 3435.195 Thread 0x0000023ad931c800 Uncommon trap: reason=array_check action=maybe_recompile pc=0x0000023ac102bbe4 method=java.util.TimSort.mergeHi(IIII)V @ 524
Event: 3468.829 Thread 0x0000023ad931c800 Uncommon trap: reason=unstable_if action=reinterpret pc=0x0000023ac009d604 method=javax.swing.text.JTextComponent$MutableCaretEvent.stateChanged(Ljavax/swing/event/ChangeEvent;)V @ 4
Event: 3469.018 Thread 0x0000023ad931c800 Uncommon trap: reason=unstable_if action=reinterpret pc=0x0000023ac0b5ea84 method=java.util.ListResourceBundle.handleGetObject(Ljava/lang/String;)Ljava/lang/Object; @ 4
Event: 3469.018 Thread 0x0000023ad931c800 Uncommon trap: reason=class_check action=maybe_recompile pc=0x0000023abfa6af50 method=java.util.ResourceBundle$CacheKey.equals(Ljava/lang/Object;)Z @ 84
Event: 3470.396 Thread 0x0000023ad931c800 Uncommon trap: reason=predicate action=maybe_recompile pc=0x0000023abf086114 method=java.awt.datatransfer.MimeTypeParameterList.parse(Ljava/lang/String;)V @ 71
Event: 3470.397 Thread 0x0000023ad931c800 Uncommon trap: reason=bimorphic action=maybe_recompile pc=0x0000023abe1000ac method=java.util.HashMap.removeNode(ILjava/lang/Object;Ljava/lang/Object;ZZ)Ljava/util/HashMap$Node; @ 68
Event: 3547.717 Thread 0x0000023ad931c800 Uncommon trap: reason=unstable_if action=reinterpret pc=0x0000023ac0ab18a4 method=com.jidesoft.plaf.basic.BasicCellStyleTableHeaderUIDelegate.isMouseOverPaintArea(Ljava/awt/Point;Ljava/awt/Rectangle;Ljava/awt/Insets;)Z @ 6
Event: 3547.717 Thread 0x0000023ad931c800 Uncommon trap: reason=unstable_if action=reinterpret pc=0x0000023abea15330 method=com.jidesoft.plaf.basic.BasicCellStyleTableHeaderUIDelegate.isMouseOverPaintArea(Ljava/awt/Point;Ljava/awt/Rectangle;Ljava/awt/Insets;)Z @ 6
Event: 3547.723 Thread 0x0000023ad931c800 Uncommon trap: reason=unstable_if action=reinterpret pc=0x0000023abfb2b780 method=java.awt.Component.processMouseMotionEvent(Ljava/awt/event/MouseEvent;)V @ 6
Event: 3547.738 Thread 0x0000023ad931c800 Uncommon trap: reason=unstable_if action=reinterpret pc=0x0000023abe9a92e4 method=java.awt.LightweightDispatcher.processMouseEvent(Ljava/awt/event/MouseEvent;)Z @ 85

Internal exceptions (10 events):
Event: 3683.182 Thread 0x0000023ad931c800 Exception <a 'java/io/FileNotFoundException'> (0x00000007bca31d38) thrown at [C:\re\workspace\8-2-build-windows-amd64-cygwin\jdk8u112\7884\hotspot\src\share\vm\prims\jni.cpp, line 709]
Event: 3688.183 Thread 0x0000023ad931c800 Exception <a 'java/io/FileNotFoundException'> (0x00000007bcbdf920) thrown at [C:\re\workspace\8-2-build-windows-amd64-cygwin\jdk8u112\7884\hotspot\src\share\vm\prims\jni.cpp, line 709]
Event: 3688.183 Thread 0x0000023ad931c800 Exception <a 'java/io/FileNotFoundException'> (0x00000007bcbe01e8) thrown at [C:\re\workspace\8-2-build-windows-amd64-cygwin\jdk8u112\7884\hotspot\src\share\vm\prims\jni.cpp, line 709]
Event: 3688.183 Thread 0x0000023ad931c800 Exception <a 'java/io/FileNotFoundException'> (0x00000007bcbe0b50) thrown at [C:\re\workspace\8-2-build-windows-amd64-cygwin\jdk8u112\7884\hotspot\src\share\vm\prims\jni.cpp, line 709]
Event: 3693.185 Thread 0x0000023ad931c800 Exception <a 'java/io/FileNotFoundException'> (0x00000007bce562f0) thrown at [C:\re\workspace\8-2-build-windows-amd64-cygwin\jdk8u112\7884\hotspot\src\share\vm\prims\jni.cpp, line 709]
Event: 3693.185 Thread 0x0000023ad931c800 Exception <a 'java/io/FileNotFoundException'> (0x00000007bce56bb8) thrown at [C:\re\workspace\8-2-build-windows-amd64-cygwin\jdk8u112\7884\hotspot\src\share\vm\prims\jni.cpp, line 709]
Event: 3693.185 Thread 0x0000023ad931c800 Exception <a 'java/io/FileNotFoundException'> (0x00000007bce57520) thrown at [C:\re\workspace\8-2-build-windows-amd64-cygwin\jdk8u112\7884\hotspot\src\share\vm\prims\jni.cpp, line 709]
Event: 3698.198 Thread 0x0000023ad931c800 Exception <a 'java/io/FileNotFoundException'> (0x00000007bd003690) thrown at [C:\re\workspace\8-2-build-windows-amd64-cygwin\jdk8u112\7884\hotspot\src\share\vm\prims\jni.cpp, line 709]
Event: 3698.198 Thread 0x0000023ad931c800 Exception <a 'java/io/FileNotFoundException'> (0x00000007bd003f58) thrown at [C:\re\workspace\8-2-build-windows-amd64-cygwin\jdk8u112\7884\hotspot\src\share\vm\prims\jni.cpp, line 709]
Event: 3698.198 Thread 0x0000023ad931c800 Exception <a 'java/io/FileNotFoundException'> (0x00000007bd0048c0) thrown at [C:\re\workspace\8-2-build-windows-amd64-cygwin\jdk8u112\7884\hotspot\src\share\vm\prims\jni.cpp, line 709]

Events (10 events):
Event: 3687.878 Thread 0x0000023ad96ee000 Thread added: 0x0000023ad96ee000
Event: 3687.893 Executing VM operation: RevokeBias
Event: 3687.894 Executing VM operation: RevokeBias done
Event: 3687.894 Thread 0x0000023ad96ee000 Thread exited: 0x0000023ad96ee000
Event: 3697.890 Thread 0x0000023ad96ee000 Thread added: 0x0000023ad96ee000
Event: 3697.894 Executing VM operation: RevokeBias
Event: 3697.894 Executing VM operation: RevokeBias done
Event: 3697.894 Thread 0x0000023ad96ee000 Thread exited: 0x0000023ad96ee000
Event: 3698.208 Thread 0x0000023ad931c800 DEOPT PACKING pc=0x0000023ac03dd123 sp=0x000000d9cc9fca80
Event: 3698.208 Thread 0x0000023ad931c800 DEOPT UNPACKING pc=0x0000023abdde7887 sp=0x000000d9cc9fc808 mode 0


Dynamic libraries:
0x00007ff784e50000 - 0x00007ff784e80000 	D:\Vivado\2018.2\bin\unwrapped\win64.o\vivado.exe
0x00007ffc87090000 - 0x00007ffc872a7000 	C:\WINDOWS\SYSTEM32\ntdll.dll
0x00007ffc860a0000 - 0x00007ffc86164000 	C:\WINDOWS\System32\KERNEL32.DLL
0x00007ffc844e0000 - 0x00007ffc84886000 	C:\WINDOWS\System32\KERNELBASE.dll
0x00007ffc84890000 - 0x00007ffc849a1000 	C:\WINDOWS\System32\ucrtbase.dll
0x00007ffc409b0000 - 0x00007ffc40a3d000 	C:\WINDOWS\SYSTEM32\MSVCP140.dll
0x00007ffc780a0000 - 0x00007ffc780bb000 	C:\WINDOWS\SYSTEM32\VCRUNTIME140.dll
0x00007ffc78110000 - 0x00007ffc7811c000 	C:\WINDOWS\SYSTEM32\VCRUNTIME140_1.dll
0x00007ffc7ee00000 - 0x00007ffc7ee14000 	D:\Vivado\2018.2\lib\win64.o\librdi_commonmain.dll
0x00007ffc7eda0000 - 0x00007ffc7edb4000 	D:\Vivado\2018.2\lib\win64.o\libboost_signals.dll
0x00007ffc7f0a0000 - 0x00007ffc7f0aa000 	D:\Vivado\2018.2\lib\win64.o\librdi_commonversion.dll
0x00007ffc70630000 - 0x00007ffc70656000 	D:\Vivado\2018.2\lib\win64.o\libboost_filesystem.dll
0x00007ffc85fb0000 - 0x00007ffc86060000 	C:\WINDOWS\System32\ADVAPI32.dll
0x00007ffc858e0000 - 0x00007ffc85987000 	C:\WINDOWS\System32\msvcrt.dll
0x00007ffc85990000 - 0x00007ffc85a36000 	C:\WINDOWS\System32\sechost.dll
0x00007ffc85650000 - 0x00007ffc85767000 	C:\WINDOWS\System32\RPCRT4.dll
0x00007ffc57af0000 - 0x00007ffc57c11000 	D:\Vivado\2018.2\lib\win64.o\librdi_commonxillic.dll
0x00007ffc85a40000 - 0x00007ffc85bed000 	C:\WINDOWS\System32\USER32.dll
0x00007ffc84410000 - 0x00007ffc84436000 	C:\WINDOWS\System32\win32u.dll
0x00007ffc85bf0000 - 0x00007ffc85c19000 	C:\WINDOWS\System32\GDI32.dll
0x00007ffc84cd0000 - 0x00007ffc84de8000 	C:\WINDOWS\System32\gdi32full.dll
0x00007ffc84440000 - 0x00007ffc844da000 	C:\WINDOWS\System32\msvcp_win.dll
0x0000000066590000 - 0x00000000666bb000 	D:\Vivado\2018.2\lib\win64.o\tcl85t.dll
0x00007ffc86670000 - 0x00007ffc866e1000 	C:\WINDOWS\System32\WS2_32.dll
0x00007ffc7ed70000 - 0x00007ffc7ed7b000 	D:\Vivado\2018.2\lib\win64.o\libboost_system.dll
0x00007ffc4d190000 - 0x00007ffc4d445000 	D:\Vivado\2018.2\lib\win64.o\libXil_lmgr11.dll
0x00007ffc85400000 - 0x00007ffc854f9000 	C:\WINDOWS\System32\COMDLG32.dll
0x00007ffc84df0000 - 0x00007ffc8517a000 	C:\WINDOWS\System32\combase.dll
0x00007ffc85cf0000 - 0x00007ffc85de3000 	C:\WINDOWS\System32\shcore.dll
0x00007ffc85c20000 - 0x00007ffc85c7e000 	C:\WINDOWS\System32\SHLWAPI.dll
0x00007ffc866f0000 - 0x00007ffc86f48000 	C:\WINDOWS\System32\SHELL32.dll
0x00007ffc857f0000 - 0x00007ffc858c7000 	C:\WINDOWS\System32\OLEAUT32.dll
0x00007ffc85230000 - 0x00007ffc853cf000 	C:\WINDOWS\System32\ole32.dll
0x00007ffc84ba0000 - 0x00007ffc84c0c000 	C:\WINDOWS\System32\WINTRUST.dll
0x00007ffc849b0000 - 0x00007ffc84b16000 	C:\WINDOWS\System32\CRYPT32.dll
0x00007ffc56520000 - 0x00007ffc56634000 	D:\Vivado\2018.2\lib\win64.o\libboost_regex.dll
0x00007ffc784c0000 - 0x00007ffc784d9000 	C:\WINDOWS\SYSTEM32\NETAPI32.dll
0x00007ffc6c3c0000 - 0x00007ffc6c473000 	C:\WINDOWS\WinSxS\amd64_microsoft.windows.common-controls_6595b64144ccf1df_5.82.22621.608_none_fb280a3c7926c2cc\COMCTL32.dll
0x00007ffc817f0000 - 0x00007ffc817f9000 	C:\WINDOWS\SYSTEM32\WSOCK32.dll
0x00007ffc75ac0000 - 0x00007ffc75adf000 	C:\WINDOWS\SYSTEM32\dhcpcsvc.DLL
0x00007ffc0a6c0000 - 0x00007ffc0b4d9000 	D:\Vivado\2018.2\lib\win64.o\librdi_common.dll
0x00007ffc783e0000 - 0x00007ffc783f4000 	D:\Vivado\2018.2\lib\win64.o\libboost_date_time.dll
0x00007ffc467f0000 - 0x00007ffc46b5e000 	D:\Vivado\2018.2\lib\win64.o\libCOIN-all.dll
0x00007ffc66bc0000 - 0x00007ffc66c3f000 	D:\Vivado\2018.2\lib\win64.o\libboost_program_options.dll
0x00007ffc69080000 - 0x00007ffc690a1000 	D:\Vivado\2018.2\lib\win64.o\libboost_thread.dll
0x00007ffc7ed60000 - 0x00007ffc7ed6f000 	D:\Vivado\2018.2\lib\win64.o\libboost_xilinx.dll
0x00007ffc59550000 - 0x00007ffc595f5000 	D:\Vivado\2018.2\lib\win64.o\libhdxml.dll
0x00007ffc5e620000 - 0x00007ffc5e6a2000 	D:\Vivado\2018.2\lib\win64.o\libhdlpsolve.dll
0x00007ffc69050000 - 0x00007ffc6907e000 	D:\Vivado\2018.2\lib\win64.o\libisl_sysinfo.dll
0x00007ffc58920000 - 0x00007ffc58985000 	D:\Vivado\2018.2\lib\win64.o\liblmx6.0.dll
0x00007ffc78270000 - 0x00007ffc7828a000 	D:\Vivado\2018.2\lib\win64.o\pthreadVC2.dll
0x00007ffc51a30000 - 0x00007ffc51b81000 	D:\Vivado\2018.2\lib\win64.o\librdi_curl.dll
0x0000000065cf0000 - 0x000000006658a000 	D:\Vivado\2018.2\tps\win64\jre\bin\server\jvm.dll
0x00007ffc87040000 - 0x00007ffc87048000 	C:\WINDOWS\System32\PSAPI.DLL
0x00007ffc77ae0000 - 0x00007ffc77afc000 	D:\Vivado\2018.2\lib\win64.o\librdiconfig.dll
0x00007ffc72490000 - 0x00007ffc72984000 	C:\WINDOWS\SYSTEM32\WININET.dll
0x00007ffc77680000 - 0x00007ffc777b7000 	C:\WINDOWS\SYSTEM32\WINHTTP.dll
0x00007ffc6c4b0000 - 0x00007ffc6c6a0000 	C:\WINDOWS\SYSTEM32\urlmon.dll
0x00007ffc682b0000 - 0x00007ffc682d1000 	D:\Vivado\2018.2\lib\win64.o\librdizlib.dll
0x00007ffc68190000 - 0x00007ffc681c1000 	C:\WINDOWS\SYSTEM32\VCOMP140.DLL
0x00007ffc7dd10000 - 0x00007ffc7dd1d000 	D:\Vivado\2018.2\lib\win64.o\libboost_chrono.dll
0x00007ffc7f470000 - 0x00007ffc7f4a4000 	C:\WINDOWS\SYSTEM32\WINMM.dll
0x00007ffc777c0000 - 0x00007ffc777ca000 	C:\WINDOWS\SYSTEM32\VERSION.dll
0x0000000065c10000 - 0x0000000065ce2000 	C:\WINDOWS\SYSTEM32\MSVCR100.dll
0x00007ffc6f2b0000 - 0x00007ffc6f56c000 	C:\WINDOWS\SYSTEM32\iertutil.dll
0x00007ffc6cc10000 - 0x00007ffc6cc39000 	C:\WINDOWS\SYSTEM32\srvcli.dll
0x00007ffc82f40000 - 0x00007ffc82f4c000 	C:\WINDOWS\SYSTEM32\netutils.dll
0x00007ffc066d0000 - 0x00007ffc07561000 	D:\Vivado\2018.2\lib\win64.o\gurobi65.dll
0x0000000012000000 - 0x0000000012272000 	D:\Vivado\2018.2\lib\win64.o\xerces-c_3_1.dll
0x00007ffc2c170000 - 0x00007ffc2ca23c00 	D:\Vivado\2018.2\lib\win64.o\libisl_iostreams.dll
0x00007ffc76fb0000 - 0x00007ffc76fcb000 	D:\Vivado\2018.2\lib\win64.o\libboost_iostreams.dll
0x00007ffc66b90000 - 0x00007ffc66bb5000 	D:\Vivado\2018.2\lib\win64.o\libisl_iosutils.dll
0x00007ffc86060000 - 0x00007ffc86091000 	C:\WINDOWS\System32\IMM32.DLL
0x00007ffc83c70000 - 0x00007ffc83c82000 	C:\WINDOWS\SYSTEM32\MSASN1.dll
0x00007ffc834e0000 - 0x00007ffc834f8000 	C:\WINDOWS\SYSTEM32\kernel.appcore.dll
0x00007ffc2da40000 - 0x00007ffc2decc000 	D:\Vivado\2018.2\lib\win64.o\librdi_commontasks.dll
0x00007ffc4a4a0000 - 0x00007ffc4a717000 	D:\Vivado\2018.2\lib\win64.o\librdi_sio.dll
0x00007ffc82f50000 - 0x00007ffc82f7d000 	C:\WINDOWS\SYSTEM32\IPHLPAPI.DLL
0x00007ffc82380000 - 0x00007ffc82c72000 	C:\WINDOWS\SYSTEM32\windows.storage.dll
0x00007ffc82240000 - 0x00007ffc8237e000 	C:\WINDOWS\SYSTEM32\wintypes.dll
0x00007ffbfc8f0000 - 0x00007ffbfeaef000 	D:\Vivado\2018.2\lib\win64.o\librdi_tcltasks.dll
0x00007ffc58510000 - 0x00007ffc5857a000 	D:\Vivado\2018.2\lib\win64.o\librdi_boarddep.dll
0x00007ffc2fb50000 - 0x00007ffc2ff25000 	D:\Vivado\2018.2\lib\win64.o\librdi_bitstream.dll
0x00007ffc46e20000 - 0x00007ffc47067000 	D:\Vivado\2018.2\lib\win64.o\librdi_chipscope.dll
0x00007ffc4d010000 - 0x00007ffc4d18e000 	D:\Vivado\2018.2\lib\win64.o\librdi_board.dll
0x00007ffc51890000 - 0x00007ffc519b8000 	D:\Vivado\2018.2\lib\win64.o\librdi_containers.dll
0x00007ffbfb090000 - 0x00007ffbfc8e9000 	D:\Vivado\2018.2\lib\win64.o\librdi_constraints.dll
0x00007ffbf5a70000 - 0x00007ffbf97d2000 	D:\Vivado\2018.2\lib\win64.o\librdi_designutils.dll
0x00007ffc40690000 - 0x00007ffc409a8000 	D:\Vivado\2018.2\lib\win64.o\librdi_dlyest.dll
0x00007ffc296c0000 - 0x00007ffc29c01000 	D:\Vivado\2018.2\lib\win64.o\librdi_drc.dll
0x00007ffc569d0000 - 0x00007ffc56a92000 	D:\Vivado\2018.2\lib\win64.o\librdi_dsp.dll
0x00007ffbf3d50000 - 0x00007ffbf5a61000 	D:\Vivado\2018.2\lib\win64.o\librdi_coregen.dll
0x00007ffc24e20000 - 0x00007ffc25451000 	D:\Vivado\2018.2\lib\win64.o\librdi_filemgmt.dll
0x00007ffc460f0000 - 0x00007ffc463c1000 	D:\Vivado\2018.2\lib\win64.o\librdi_guitools.dll
0x00007ffc1e420000 - 0x00007ffc1eaf9000 	D:\Vivado\2018.2\lib\win64.o\librdi_coregenipxact.dll
0x00007ffc61fd0000 - 0x00007ffc62028000 	D:\Vivado\2018.2\lib\win64.o\librdi_hdf.dll
0x00007ffbe5550000 - 0x00007ffbf3d48000 	D:\Vivado\2018.2\lib\win64.o\librdi_device.dll
0x00007ffc230f0000 - 0x00007ffc23741000 	D:\Vivado\2018.2\lib\win64.o\librdi_memdata.dll
0x00007ffc05490000 - 0x00007ffc066c4000 	D:\Vivado\2018.2\lib\win64.o\librdi_implflow.dll
0x00007ffbcd610000 - 0x00007ffbd0e1a000 	D:\Vivado\2018.2\lib\win64.o\librdi_mig.dll
0x00007ffc5e580000 - 0x00007ffc5e5c9000 	D:\Vivado\2018.2\lib\win64.o\librdi_pfi.dll
0x00007ffc1f400000 - 0x00007ffc1f8a2000 	D:\Vivado\2018.2\lib\win64.o\librdi_netlist.dll
0x00007ffc19ca0000 - 0x00007ffc1a38c000 	D:\Vivado\2018.2\lib\win64.o\librdi_power.dll
0x00007ffc41ff0000 - 0x00007ffc4227a000 	D:\Vivado\2018.2\lib\win64.o\librdi_platform.dll
0x00007ffc1b420000 - 0x00007ffc1b95d000 	D:\Vivado\2018.2\lib\win64.o\librdi_project.dll
0x00007ffbcb270000 - 0x00007ffbcd60e000 	D:\Vivado\2018.2\lib\win64.o\librdi_place.dll
0x00007ffbe3640000 - 0x00007ffbe3c7e000 	D:\Vivado\2018.2\lib\win64.o\librdi_rsb.dll
0x00007ffbe2f50000 - 0x00007ffbe3631000 	D:\Vivado\2018.2\lib\win64.o\librdi_psta.dll
0x00007ffc2cc60000 - 0x00007ffc2d023000 	D:\Vivado\2018.2\lib\win64.o\librdi_runs.dll
0x00007ffc3f750000 - 0x00007ffc3f976000 	D:\Vivado\2018.2\lib\win64.o\librdi_simdata.dll
0x00007ffc563d0000 - 0x00007ffc564a7000 	D:\Vivado\2018.2\lib\win64.o\librdi_runsbase.dll
0x00007ffc559b0000 - 0x00007ffc55a7b000 	D:\Vivado\2018.2\lib\win64.o\librdi_xhub.dll
0x00007ffc5bd60000 - 0x00007ffc5bdac000 	D:\Vivado\2018.2\lib\win64.o\libboost_serialization.dll
0x00007ffbca550000 - 0x00007ffbcb26d000 	D:\Vivado\2018.2\lib\win64.o\librdi_timing.dll
0x00007ffc57890000 - 0x00007ffc5793f000 	D:\Vivado\2018.2\lib\win64.o\librdi_hip_devdesign.dll
0x00007ffc584a0000 - 0x00007ffc58506000 	D:\Vivado\2018.2\lib\win64.o\librdi_ipconfig_readwrite.dll
0x00007ffc60a00000 - 0x00007ffc60a38000 	D:\Vivado\2018.2\lib\win64.o\librdi_noc_frameworks.dll
0x00007ffc56de0000 - 0x00007ffc56e68000 	D:\Vivado\2018.2\lib\win64.o\librdi_hip_config.dll
0x00007ffc55e60000 - 0x00007ffc55efe000 	D:\Vivado\2018.2\lib\win64.o\libise.dll
0x00007ffc1a830000 - 0x00007ffc1ad7e000 	D:\Vivado\2018.2\lib\win64.o\librdi_xdm.dll
0x00007ffc59320000 - 0x00007ffc59369000 	D:\Vivado\2018.2\lib\win64.o\librdi_wavedata_SimpleApi.dll
0x00007ffbe4fa0000 - 0x00007ffbe5541000 	D:\Vivado\2018.2\lib\win64.o\librdi_wavedata.dll
0x00007ffbc9a50000 - 0x00007ffbca543000 	D:\Vivado\2018.2\lib\win64.o\libverific.dll
0x00007ffbc8b50000 - 0x00007ffbc9a41000 	D:\Vivado\2018.2\lib\win64.o\librdi_route.dll
0x00007ffc3eb40000 - 0x00007ffc3ed83000 	D:\Vivado\2018.2\lib\win64.o\librdi_hsm.dll
0x00007ffbc6d60000 - 0x00007ffbc8b42000 	D:\Vivado\2018.2\lib\win64.o\librdi_synth.dll
0x00007ffbc6790000 - 0x00007ffbc6d52000 	D:\Vivado\2018.2\lib\win64.o\librdi_abc_nomp.dll
0x00007ffc6e180000 - 0x00007ffc6e19a000 	D:\Vivado\2018.2\lib\win64.o\librdi_hmetis.dll

VM Arguments:
jvm_args: -Dsun.java2d.pmoffscreen=false -Dsun.java2d.xrender=false -Dsun.java2d.d3d=false -Dsun.awt.nopixfmt=true -Xverify:none -Dswing.aatext=true -XX:-UsePerfData -Djdk.map.althashing.threshold=512 -XX:StringTableSize=4072 -XX:NewSize=60m -XX:MaxNewSize=60m -Xms128m -Xmx3072m -Xss5m 
java_command: <unknown>
java_class_path (initial): D:/Vivado/2018.2\lib\classes\alloy.jar;D:/Vivado/2018.2\lib\classes\autopilot.scelaborator.jar;D:/Vivado/2018.2\lib\classes\autopilot.sourceprocessor.jar;D:/Vivado/2018.2\lib\classes\autopilot.tbprocessor.jar;D:/Vivado/2018.2\lib\classes\batik-anim.jar;D:/Vivado/2018.2\lib\classes\batik-awt-util.jar;D:/Vivado/2018.2\lib\classes\batik-bridge.jar;D:/Vivado/2018.2\lib\classes\batik-codec.jar;D:/Vivado/2018.2\lib\classes\batik-css.jar;D:/Vivado/2018.2\lib\classes\batik-dom.jar;D:/Vivado/2018.2\lib\classes\batik-ext.jar;D:/Vivado/2018.2\lib\classes\batik-gui-util.jar;D:/Vivado/2018.2\lib\classes\batik-gvt.jar;D:/Vivado/2018.2\lib\classes\batik-parser.jar;D:/Vivado/2018.2\lib\classes\batik-script.jar;D:/Vivado/2018.2\lib\classes\batik-svg-dom.jar;D:/Vivado/2018.2\lib\classes\batik-swing.jar;D:/Vivado/2018.2\lib\classes\batik-transcoder.jar;D:/Vivado/2018.2\lib\classes\batik-util.jar;D:/Vivado/2018.2\lib\classes\batik-xml.jar;D:/Vivado/2018.2\lib\classes\com.ibm.icu_4.4.2.v20110208.jar;D:/Vivado/2018.2\lib\classes\commons-collections4-4.1.jar;D:/Vivado/2018.2\lib\classes\commons-math-2.2.jar;D:/Vivado/2018.2\lib\classes\dom4j-1.6.1.jar;D:/Vivado/2018.2\lib\classes\guava-18.0.jar;D:/Vivado/2018.2\lib\classes\help.jar;D:/Vivado/2018.2\lib\classes\hsqldb.jar;D:/Vivado/2018.2\lib\classes\jargs.jar;D:/Vivado/2018.2\lib\classes\jh.jar;D:/Vivado/2018.2\lib\classes\jide-action.jar;D:/Vivado/2018.2\lib\classes\jide-charts.jar;D:/Vivado/2018.2\lib\classes\jide-common.jar;D:/Vivado/2018.2\lib\classes\jide-components.jar;D:/Vivado/2018.2\lib\classes\jide-dashboard.jar;D:/Vivado/2018.2\lib\classes\jide-data.jar;D:/Vivado/2018.2\lib\classes\jide-dialogs.jar;D:/Vivado/2018.2\lib\classes\jide-diff.jar;D:/Vivado/2018.2\lib\classes\jide-dock.jar;D:/Vivado/2018.2\lib\classes\jide-editor.jar;D:/Vivado/2018.2\lib\classes\jide-gantt.jar;D:/Vivado/2018.2\lib\classes\jide-grids.jar;D:/Vivado/2018.2\lib\classes\jide-pivot.jar;D:/Vivado/2018.2\lib\classes\jide-plaf-jdk7
Launcher Type: generic

Environment Variables:
PATH=D:/Vivado/2018.2/bin;D:/Vivado/2018.2/lib/win64.o;D:/Vivado/2018.2/tps/win64/jre/bin/server;D:/Vivado/2018.2/tps/win64/jre/bin;D:/SDK/2018.2/bin;D:/Vivado/2018.2/ids_lite/ISE/bin/nt64;D:/Vivado/2018.2/ids_lite/ISE/lib/nt64;C:\Program Files (x86)\Common Files\Oracle\Java\javapath;C:\WINDOWS\system32;C:\WINDOWS;C:\WINDOWS\System32\Wbem;C:\WINDOWS\System32\WindowsPowerShell\v1.0\;C:\WINDOWS\System32\OpenSSH\;C:\Program Files\Git\cmd;C:\Users\DELL LATITUDE E 5491\AppData\Local\Microsoft\WindowsApps;;C:\Users\DELL LATITUDE E 5491\AppData\Local\Programs\Microsoft VS Code\bin;D:/Vivado/2018.2\tps\mingw\6.2.0\win64.o\nt\bin;D:/Vivado/2018.2\tps\mingw\6.2.0\win64.o\nt\libexec\gcc\x86_64-w64-mingw32\6.2.0
USERNAME=DELL LATITUDE E 5491
OS=Windows_NT
PROCESSOR_IDENTIFIER=Intel64 Family 6 Model 158 Stepping 10, GenuineIntel



---------------  S Y S T E M  ---------------

OS: Windows 10.0 , 64 bit Build 22621 (10.0.22621.2428)

CPU:total 8 (4 cores per cpu, 2 threads per core) family 6 model 158 stepping 10, cmov, cx8, fxsr, mmx, sse, sse2, sse3, ssse3, sse4.1, sse4.2, popcnt, avx, avx2, aes, clmul, erms, rtm, 3dnowpref, lzcnt, ht, tsc, tscinvbit, bmi1, bmi2, adx

Memory: 4k page, physical 8177376k(337296k free), swap 21261020k(920k free)

vm_info: Java HotSpot(TM) 64-Bit Server VM (25.112-b15) for windows-amd64 JRE (1.8.0_112-b15), built on Sep 22 2016 21:31:56 by "java_re" with MS VC++ 10.0 (VS2010)

time: Sat Feb 17 18:04:55 2024
elapsed time: 3698 seconds (0d 1h 1m 38s)

