#-----------------------------------------------------------
# Vivado v2018.2 (64-bit)
# SW Build 2258646 on Thu Jun 14 20:03:12 MDT 2018
# IP Build 2256618 on Thu Jun 14 22:10:49 MDT 2018
# Start of session at: Sat Feb 17 17:03:01 2024
# Process ID: 8616
# Current directory: D:/new p/RV32I-Single-Cycle/RV32IMC
# Command line: vivado.exe -gui_launcher_event rodinguilauncherevent17588 D:\new p\RV32I-Single-Cycle\RV32IMC\RV32IMC.xpr
# Log file: D:/new p/RV32I-Single-Cycle/RV32IMC/vivado.log
# Journal file: D:/new p/RV32I-Single-Cycle/RV32IMC\vivado.jou
#-----------------------------------------------------------
start_gui
open_project {D:/new p/RV32I-Single-Cycle/RV32IMC/RV32IMC.xpr}
INFO: [Project 1-313] Project file moved from '/home/muheet-ghani/RV32I-Single-Cycle/RV32IMC' since last save.
Scanning sources...
Finished scanning sources
INFO: [IP_Flow 19-234] Refreshing IP repositories
INFO: [IP_Flow 19-1704] No user IP repositories specified
INFO: [IP_Flow 19-2313] Loaded Vivado IP repository 'D:/Vivado/2018.2/data/ip'.
open_project: Time (s): cpu = 00:00:11 ; elapsed = 00:00:14 . Memory (MB): peak = 848.465 ; gain = 114.043
update_compile_order -fileset sources_1
